{
  message: 'Server started at PORT 3300',
  level: 'info',
  timestamp: '2022-04-01T06:48:25.854Z'
}
{
  message: 'Connected with Database',
  level: 'info',
  timestamp: '2022-04-01T06:48:25.894Z'
}
{
  message: 'Server started at PORT 3300',
  level: 'info',
  timestamp: '2022-04-01T06:50:15.084Z'
}
{
  message: 'Connected with Database',
  level: 'info',
  timestamp: '2022-04-01T06:50:15.126Z'
}
{
  message: 'Server started at PORT 3300',
  level: 'info',
  timestamp: '2022-04-04T08:08:10.081Z'
}
{
  message: 'Connected with Database',
  level: 'info',
  timestamp: '2022-04-04T08:08:10.196Z'
}
{
  message: 'Server started at PORT 3300',
  level: 'info',
  timestamp: '2022-04-04T08:16:32.810Z'
}
{
  message: 'Connected with Database',
  level: 'info',
  timestamp: '2022-04-04T08:16:32.881Z'
}
{
  message: 'Server started at PORT 3300',
  level: 'info',
  timestamp: '2022-04-04T08:31:00.746Z'
}
{
  message: 'Connected with Database',
  level: 'info',
  timestamp: '2022-04-04T08:31:00.789Z'
}
{
  message: 'Server started at PORT 3300',
  level: 'info',
  timestamp: '2022-04-04T08:33:37.039Z'
}
{
  message: 'Connected with Database',
  level: 'info',
  timestamp: '2022-04-04T08:33:37.107Z'
}
{
  message: 'Server started at PORT 3300',
  level: 'info',
  timestamp: '2022-04-04T09:03:54.341Z'
}
{
  message: 'Connected with Database',
  level: 'info',
  timestamp: '2022-04-04T09:03:54.382Z'
}
{
  message: 'Server started at PORT 3300',
  level: 'info',
  timestamp: '2022-04-04T10:06:26.752Z'
}
{
  message: 'Connected with Database',
  level: 'info',
  timestamp: '2022-04-04T10:06:26.797Z'
}
{
  message: 'Server started at PORT 3300',
  level: 'info',
  timestamp: '2022-04-04T10:08:33.540Z'
}
{
  message: 'Connected with Database',
  level: 'info',
  timestamp: '2022-04-04T10:08:33.586Z'
}
{
  level: 'error',
  message: "Cannot read properties of undefined (reading 'filename') Cannot read properties of undefined (reading 'filename')",
  stack: "TypeError: Cannot read properties of undefined (reading 'filename')\n" +
    '    at file:///C:/Users/ammar/Desktop/BlogApp/Backend/controllers/articles.js:20:24\n' +
    '    at file:///C:/Users/ammar/Desktop/BlogApp/Backend/middleware/async.js:4:13\n' +
    '    at Layer.handle [as handle_request] (C:\\Users\\ammar\\Desktop\\BlogApp\\Backend\\node_modules\\express\\lib\\router\\layer.js:95:5)\n' +
    '    at next (C:\\Users\\ammar\\Desktop\\BlogApp\\Backend\\node_modules\\express\\lib\\router\\route.js:137:13)\n' +
    '    at multerMiddleware (C:\\Users\\ammar\\Desktop\\BlogApp\\Backend\\node_modules\\multer\\lib\\make-middleware.js:18:41)\n' +
    '    at Layer.handle [as handle_request] (C:\\Users\\ammar\\Desktop\\BlogApp\\Backend\\node_modules\\express\\lib\\router\\layer.js:95:5)\n' +
    '    at next (C:\\Users\\ammar\\Desktop\\BlogApp\\Backend\\node_modules\\express\\lib\\router\\route.js:137:13)\n' +
    '    at Route.dispatch (C:\\Users\\ammar\\Desktop\\BlogApp\\Backend\\node_modules\\express\\lib\\router\\route.js:112:3)\n' +
    '    at Layer.handle [as handle_request] (C:\\Users\\ammar\\Desktop\\BlogApp\\Backend\\node_modules\\express\\lib\\router\\layer.js:95:5)\n' +
    '    at C:\\Users\\ammar\\Desktop\\BlogApp\\Backend\\node_modules\\express\\lib\\router\\index.js:281:22',
  timestamp: '2022-04-04T10:08:34.176Z'
}
{
  message: 'Server started at PORT 3300',
  level: 'info',
  timestamp: '2022-04-04T10:08:53.933Z'
}
{
  message: 'Connected with Database',
  level: 'info',
  timestamp: '2022-04-04T10:08:53.986Z'
}
{
  message: 'Server started at PORT 3300',
  level: 'info',
  timestamp: '2022-04-04T10:09:07.018Z'
}
{
  message: 'Connected with Database',
  level: 'info',
  timestamp: '2022-04-04T10:09:07.070Z'
}
{
  message: 'Server started at PORT 3300',
  level: 'info',
  timestamp: '2022-04-04T10:09:30.649Z'
}
{
  message: 'Connected with Database',
  level: 'info',
  timestamp: '2022-04-04T10:09:30.707Z'
}
{
  message: 'Server started at PORT 3300',
  level: 'info',
  timestamp: '2022-04-04T10:11:27.111Z'
}
{
  message: 'Connected with Database',
  level: 'info',
  timestamp: '2022-04-04T10:11:27.194Z'
}
{
  message: 'Server started at PORT 3300',
  level: 'info',
  timestamp: '2022-04-04T10:11:37.647Z'
}
{
  message: 'Connected with Database',
  level: 'info',
  timestamp: '2022-04-04T10:11:37.696Z'
}
{
  path: 'file._types',
  level: 'error',
  message: 'Schema can only contain plain objects Schema can only contain plain objects',
  stack: 'Error: Schema can only contain plain objects\n' +
    '    at new module.exports (C:\\Users\\ammar\\Desktop\\BlogApp\\Backend\\node_modules\\@hapi\\hoek\\lib\\error.js:23:19)\n' +
    '    at module.exports (C:\\Users\\ammar\\Desktop\\BlogApp\\Backend\\node_modules\\@hapi\\hoek\\lib\\assert.js:20:11)\n' +
    '    at Object.internals.schema (C:\\Users\\ammar\\Desktop\\BlogApp\\Backend\\node_modules\\joi\\lib\\compile.js:88:5)\n' +
    '    at Object.exports.schema (C:\\Users\\ammar\\Desktop\\BlogApp\\Backend\\node_modules\\joi\\lib\\compile.js:17:26)\n' +
    '    at internals.Base.$_compile (C:\\Users\\ammar\\Desktop\\BlogApp\\Backend\\node_modules\\joi\\lib\\base.js:645:24)\n' +
    '    at C:\\Users\\ammar\\Desktop\\BlogApp\\Backend\\node_modules\\joi\\lib\\types\\keys.js:260:92\n' +
    '    at Object.exports.tryWithPath (C:\\Users\\ammar\\Desktop\\BlogApp\\Backend\\node_modules\\joi\\lib\\common.js:176:16)\n' +
    '    at internals.Base.method [as keys] (C:\\Users\\ammar\\Desktop\\BlogApp\\Backend\\node_modules\\joi\\lib\\types\\keys.js:260:32)\n' +
    '    at Object.internals.schema (C:\\Users\\ammar\\Desktop\\BlogApp\\Backend\\node_modules\\joi\\lib\\compile.js:90:25)\n' +
    '    at Object.exports.schema (C:\\Users\\ammar\\Desktop\\BlogApp\\Backend\\node_modules\\joi\\lib\\compile.js:17:26)',
  timestamp: '2022-04-04T10:11:41.703Z'
}
{
  path: 'file._types',
  level: 'error',
  message: 'Schema can only contain plain objects Schema can only contain plain objects',
  stack: 'Error: Schema can only contain plain objects\n' +
    '    at new module.exports (C:\\Users\\ammar\\Desktop\\BlogApp\\Backend\\node_modules\\@hapi\\hoek\\lib\\error.js:23:19)\n' +
    '    at module.exports (C:\\Users\\ammar\\Desktop\\BlogApp\\Backend\\node_modules\\@hapi\\hoek\\lib\\assert.js:20:11)\n' +
    '    at Object.internals.schema (C:\\Users\\ammar\\Desktop\\BlogApp\\Backend\\node_modules\\joi\\lib\\compile.js:88:5)\n' +
    '    at Object.exports.schema (C:\\Users\\ammar\\Desktop\\BlogApp\\Backend\\node_modules\\joi\\lib\\compile.js:17:26)\n' +
    '    at internals.Base.$_compile (C:\\Users\\ammar\\Desktop\\BlogApp\\Backend\\node_modules\\joi\\lib\\base.js:645:24)\n' +
    '    at C:\\Users\\ammar\\Desktop\\BlogApp\\Backend\\node_modules\\joi\\lib\\types\\keys.js:260:92\n' +
    '    at Object.exports.tryWithPath (C:\\Users\\ammar\\Desktop\\BlogApp\\Backend\\node_modules\\joi\\lib\\common.js:176:16)\n' +
    '    at internals.Base.method [as keys] (C:\\Users\\ammar\\Desktop\\BlogApp\\Backend\\node_modules\\joi\\lib\\types\\keys.js:260:32)\n' +
    '    at Object.internals.schema (C:\\Users\\ammar\\Desktop\\BlogApp\\Backend\\node_modules\\joi\\lib\\compile.js:90:25)\n' +
    '    at Object.exports.schema (C:\\Users\\ammar\\Desktop\\BlogApp\\Backend\\node_modules\\joi\\lib\\compile.js:17:26)',
  timestamp: '2022-04-04T10:11:50.990Z'
}
{
  message: 'Server started at PORT 3300',
  level: 'info',
  timestamp: '2022-04-04T10:12:44.884Z'
}
{
  message: 'Connected with Database',
  level: 'info',
  timestamp: '2022-04-04T10:12:44.929Z'
}
{
  message: 'Server started at PORT 3300',
  level: 'info',
  timestamp: '2022-04-04T10:13:03.003Z'
}
{
  message: 'Connected with Database',
  level: 'info',
  timestamp: '2022-04-04T10:13:03.058Z'
}
{
  path: 'file._types',
  level: 'error',
  message: 'Schema can only contain plain objects Schema can only contain plain objects',
  stack: 'Error: Schema can only contain plain objects\n' +
    '    at new module.exports (C:\\Users\\ammar\\Desktop\\BlogApp\\Backend\\node_modules\\@hapi\\hoek\\lib\\error.js:23:19)\n' +
    '    at module.exports (C:\\Users\\ammar\\Desktop\\BlogApp\\Backend\\node_modules\\@hapi\\hoek\\lib\\assert.js:20:11)\n' +
    '    at Object.internals.schema (C:\\Users\\ammar\\Desktop\\BlogApp\\Backend\\node_modules\\joi\\lib\\compile.js:88:5)\n' +
    '    at Object.exports.schema (C:\\Users\\ammar\\Desktop\\BlogApp\\Backend\\node_modules\\joi\\lib\\compile.js:17:26)\n' +
    '    at internals.Base.$_compile (C:\\Users\\ammar\\Desktop\\BlogApp\\Backend\\node_modules\\joi\\lib\\base.js:645:24)\n' +
    '    at C:\\Users\\ammar\\Desktop\\BlogApp\\Backend\\node_modules\\joi\\lib\\types\\keys.js:260:92\n' +
    '    at Object.exports.tryWithPath (C:\\Users\\ammar\\Desktop\\BlogApp\\Backend\\node_modules\\joi\\lib\\common.js:176:16)\n' +
    '    at internals.Base.method [as keys] (C:\\Users\\ammar\\Desktop\\BlogApp\\Backend\\node_modules\\joi\\lib\\types\\keys.js:260:32)\n' +
    '    at Object.internals.schema (C:\\Users\\ammar\\Desktop\\BlogApp\\Backend\\node_modules\\joi\\lib\\compile.js:90:25)\n' +
    '    at Object.exports.schema (C:\\Users\\ammar\\Desktop\\BlogApp\\Backend\\node_modules\\joi\\lib\\compile.js:17:26)',
  timestamp: '2022-04-04T10:13:09.054Z'
}
{
  message: 'Server started at PORT 3300',
  level: 'info',
  timestamp: '2022-04-06T06:51:36.267Z'
}
{
  message: 'Connected with Database',
  level: 'info',
  timestamp: '2022-04-06T06:51:36.339Z'
}
